<?xml version="1.0" encoding="UTF-8"?>
<coverage generated="1599042989333" clover="3.2.0">
  <project timestamp="1599042989333" name="All files">
    <metrics statements="11" coveredstatements="10" conditionals="0" coveredconditionals="0" methods="5" coveredmethods="4" elements="16" coveredelements="14" complexity="0" loc="11" ncloc="11" packages="2" files="3" classes="3"/>
    <package name="testingBasic">
      <metrics statements="3" coveredstatements="3" conditionals="0" coveredconditionals="0" methods="1" coveredmethods="1"/>
      <file name="App.js" path="/Users/samslow/Desktop/GitProject/testingBasic/App.js">
        <metrics statements="3" coveredstatements="3" conditionals="0" coveredconditionals="0" methods="1" coveredmethods="1"/>
        <line num="6" count="1" type="stmt"/>
        <line num="7" count="1" type="stmt"/>
        <line num="16" count="1" type="stmt"/>
      </file>
    </package>
    <package name="testingBasic.src">
      <metrics statements="8" coveredstatements="7" conditionals="0" coveredconditionals="0" methods="4" coveredmethods="3"/>
      <file name="Greeting.js" path="/Users/samslow/Desktop/GitProject/testingBasic/src/Greeting.js">
        <metrics statements="2" coveredstatements="2" conditionals="0" coveredconditionals="0" methods="1" coveredmethods="1"/>
        <line num="4" count="3" type="stmt"/>
        <line num="5" count="9" type="stmt"/>
      </file>
      <file name="Profile.js" path="/Users/samslow/Desktop/GitProject/testingBasic/src/Profile.js">
        <metrics statements="6" coveredstatements="5" conditionals="0" coveredconditionals="0" methods="3" coveredmethods="2"/>
        <line num="5" count="2" type="stmt"/>
        <line num="6" count="4" type="stmt"/>
        <line num="8" count="4" type="stmt"/>
        <line num="14" count="1" type="stmt"/>
        <line num="15" count="0" type="stmt"/>
        <line num="22" count="2" type="stmt"/>
      </file>
    </package>
  </project>
</coverage>
